# JRE version: OpenJDK Runtime Environment (17.0.10) (build 17.0.10+0--11572160)
# Java VM: OpenJDK 64-Bit Server VM (17.0.10+0--11572160, mixed mode, tiered, compressed oops, compressed class ptrs, g1 gc, windows-amd64)
GC Precious Log:
 CPUs: 4 total, 4 available
 Memory: 7879M
 Large Page Support: Disabled
 NUMA Support: Disabled
 Compressed Oops: Enabled (32-bit)
 Heap Region Size: 1M
 Heap Min Capacity: 8M
 Heap Initial Capacity: 124M
 Heap Max Capacity: 2G
 Pre-touch: Disabled
 Parallel Workers: 4
 Concurrent Workers: 1
 Concurrent Refinement Workers: 4
 Periodic GC: Disabled
Heap:
 garbage-first heap   total 151552K, used 63814K [0x0000000080000000, 0x0000000100000000)
  region size 1024K, 6 young (6144K), 6 survivors (6144K)
 Metaspace       used 52038K, committed 52480K, reserved 1114112K
  class space    used 6895K, committed 7104K, reserved 1048576K
GC Heap History (20 events):
Event: 19.403 GC heap after
{Heap after GC invocations=48 (full 0):
 garbage-first heap   total 125952K, used 57461K [0x0000000080000000, 0x0000000100000000)
  region size 1024K, 5 young (5120K), 5 survivors (5120K)
 Metaspace       used 51440K, committed 51840K, reserved 1114112K
  class space    used 6827K, committed 7040K, reserved 1048576K
}
Event: 19.720 GC heap before
{Heap before GC invocations=48 (full 0):
 garbage-first heap   total 125952K, used 106613K [0x0000000080000000, 0x0000000100000000)
  region size 1024K, 53 young (54272K), 5 survivors (5120K)
 Metaspace       used 51440K, committed 51840K, reserved 1114112K
  class space    used 6827K, committed 7040K, reserved 1048576K
}
Event: 19.724 GC heap after
{Heap after GC invocations=49 (full 0):
 garbage-first heap   total 125952K, used 57931K [0x0000000080000000, 0x0000000100000000)
  region size 1024K, 5 young (5120K), 5 survivors (5120K)
 Metaspace       used 51440K, committed 51840K, reserved 1114112K
  class space    used 6827K, committed 7040K, reserved 1048576K
}
Event: 19.991 GC heap before
{Heap before GC invocations=49 (full 0):
 garbage-first heap   total 125952K, used 106059K [0x0000000080000000, 0x0000000100000000)
  region size 1024K, 52 young (53248K), 5 survivors (5120K)
 Metaspace       used 51440K, committed 51840K, reserved 1114112K
  class space    used 6827K, committed 7040K, reserved 1048576K
}
Event: 19.995 GC heap after
{Heap after GC invocations=50 (full 0):
 garbage-first heap   total 151552K, used 58427K [0x0000000080000000, 0x0000000100000000)
  region size 1024K, 4 young (4096K), 4 survivors (4096K)
 Metaspace       used 51440K, committed 51840K, reserved 1114112K
  class space    used 6827K, committed 7040K, reserved 1048576K
}
Event: 20.354 GC heap before
{Heap before GC invocations=50 (full 0):
 garbage-first heap   total 151552K, used 133179K [0x0000000080000000, 0x0000000100000000)
  region size 1024K, 75 young (76800K), 4 survivors (4096K)
 Metaspace       used 51456K, committed 51904K, reserved 1114112K
  class space    used 6831K, committed 7040K, reserved 1048576K
}
Event: 20.355 GC heap after
{Heap after GC invocations=51 (full 0):
 garbage-first heap   total 151552K, used 52655K [0x0000000080000000, 0x0000000100000000)
  region size 1024K, 2 young (2048K), 2 survivors (2048K)
 Metaspace       used 51456K, committed 51904K, reserved 1114112K
  class space    used 6831K, committed 7040K, reserved 1048576K
}
Event: 20.817 GC heap before
{Heap before GC invocations=51 (full 0):
 garbage-first heap   total 151552K, used 135599K [0x0000000080000000, 0x0000000100000000)
  region size 1024K, 80 young (81920K), 2 survivors (2048K)
 Metaspace       used 51605K, committed 52096K, reserved 1114112K
  class space    used 6856K, committed 7104K, reserved 1048576K
}
Event: 20.819 GC heap after
{Heap after GC invocations=52 (full 0):
 garbage-first heap   total 151552K, used 56690K [0x0000000080000000, 0x0000000100000000)
  region size 1024K, 3 young (3072K), 3 survivors (3072K)
 Metaspace       used 51605K, committed 52096K, reserved 1114112K
  class space    used 6856K, committed 7104K, reserved 1048576K
}
Event: 21.056 GC heap before
{Heap before GC invocations=52 (full 0):
 garbage-first heap   total 151552K, used 131442K [0x0000000080000000, 0x0000000100000000)
  region size 1024K, 76 young (77824K), 3 survivors (3072K)
 Metaspace       used 51606K, committed 52096K, reserved 1114112K
  class space    used 6856K, committed 7104K, reserved 1048576K
}
Event: 21.058 GC heap after
{Heap after GC invocations=53 (full 0):
 garbage-first heap   total 151552K, used 57731K [0x0000000080000000, 0x0000000100000000)
  region size 1024K, 4 young (4096K), 4 survivors (4096K)
 Metaspace       used 51606K, committed 52096K, reserved 1114112K
  class space    used 6856K, committed 7104K, reserved 1048576K
}
Event: 21.255 GC heap before
{Heap before GC invocations=53 (full 0):
 garbage-first heap   total 151552K, used 130435K [0x0000000080000000, 0x0000000100000000)
  region size 1024K, 75 young (76800K), 4 survivors (4096K)
 Metaspace       used 51606K, committed 52096K, reserved 1114112K
  class space    used 6856K, committed 7104K, reserved 1048576K
}
Event: 21.257 GC heap after
{Heap after GC invocations=54 (full 0):
 garbage-first heap   total 151552K, used 58858K [0x0000000080000000, 0x0000000100000000)
  region size 1024K, 5 young (5120K), 5 survivors (5120K)
 Metaspace       used 51606K, committed 52096K, reserved 1114112K
  class space    used 6856K, committed 7104K, reserved 1048576K
}
Event: 21.658 GC heap before
{Heap before GC invocations=54 (full 0):
 garbage-first heap   total 151552K, used 132586K [0x0000000080000000, 0x0000000100000000)
  region size 1024K, 74 young (75776K), 5 survivors (5120K)
 Metaspace       used 51753K, committed 52224K, reserved 1114112K
  class space    used 6864K, committed 7104K, reserved 1048576K
}
Event: 21.661 GC heap after
{Heap after GC invocations=55 (full 0):
 garbage-first heap   total 151552K, used 57236K [0x0000000080000000, 0x0000000100000000)
  region size 1024K, 3 young (3072K), 3 survivors (3072K)
 Metaspace       used 51753K, committed 52224K, reserved 1114112K
  class space    used 6864K, committed 7104K, reserved 1048576K
}
Event: 22.090 GC heap before
{Heap before GC invocations=55 (full 0):
 garbage-first heap   total 151552K, used 130964K [0x0000000080000000, 0x0000000100000000)
  region size 1024K, 75 young (76800K), 3 survivors (3072K)
 Metaspace       used 51843K, committed 52288K, reserved 1114112K
  class space    used 6864K, committed 7104K, reserved 1048576K
}
Event: 22.095 GC heap after
{Heap after GC invocations=56 (full 0):
 garbage-first heap   total 151552K, used 59210K [0x0000000080000000, 0x0000000100000000)
  region size 1024K, 5 young (5120K), 5 survivors (5120K)
 Metaspace       used 51843K, committed 52288K, reserved 1114112K
  class space    used 6864K, committed 7104K, reserved 1048576K
}
Event: 22.736 GC heap before
{Heap before GC invocations=56 (full 0):
 garbage-first heap   total 151552K, used 131914K [0x0000000080000000, 0x0000000100000000)
  region size 1024K, 74 young (75776K), 5 survivors (5120K)
 Metaspace       used 52038K, committed 52480K, reserved 1114112K
  class space    used 6895K, committed 7104K, reserved 1048576K
}
Event: 22.745 GC heap after
{Heap after GC invocations=57 (full 0):
 garbage-first heap   total 151552K, used 60255K [0x0000000080000000, 0x0000000100000000)
  region size 1024K, 6 young (6144K), 6 survivors (6144K)
 Metaspace       used 52038K, committed 52480K, reserved 1114112K
  class space    used 6895K, committed 7104K, reserved 1048576K
}
Event: 23.302 GC heap before
{Heap before GC invocations=57 (full 0):
 garbage-first heap   total 151552K, used 130911K [0x0000000080000000, 0x0000000100000000)
  region size 1024K, 73 young (74752K), 6 survivors (6144K)
 Metaspace       used 52038K, committed 52480K, reserved 1114112K
  class space    used 6895K, committed 7104K, reserved 1048576K
}

